<?xml version="1.0" encoding="UTF-8" ?>
<testsuites name="vitest tests" tests="5" failures="0" errors="0" time="0.0138457">
    <testsuite name="src/ui/auth/providerSelection.test.ts" timestamp="2026-04-12T07:52:37.906Z" hostname="VORTEX" tests="5" failures="0" errors="0" skipped="0" time="0.0138457">
        <testcase classname="src/ui/auth/providerSelection.test.ts" name="providerSelection &gt; builds a stored provider config that preserves the provider catalog shape" time="0.0041772">
        </testcase>
        <testcase classname="src/ui/auth/providerSelection.test.ts" name="providerSelection &gt; keeps runtime model-provider generation keyed by auth type" time="0.0029287">
        </testcase>
        <testcase classname="src/ui/auth/providerSelection.test.ts" name="providerSelection &gt; returns undefined for a missing or blank stored provider apiKey" time="0.0016867">
        </testcase>
        <testcase classname="src/ui/auth/providerSelection.test.ts" name="providerSelection &gt; prompts for api key when provider supports keys but none is stored" time="0.001132">
        </testcase>
        <testcase classname="src/ui/auth/providerSelection.test.ts" name="providerSelection &gt; prompts for api key for NVIDIA NIM when none is stored" time="0.000705">
        </testcase>
    </testsuite>
</testsuites>
